hiltSample/app/build/intermediates/manifest_merge_blame_file/release/manifest-merger-blame-release-report.txt
1<?xml version="1.0" encoding="utf-8"?>
2<manifest xmlns:android="http://schemas.android.com/apk/res/android"
3    package="com.shalaga44.hiltsample"
4    android:versionCode="1"
5    android:versionName="1.0" >
6
7    <uses-sdk
8        android:minSdkVersion="14"
8-->src/main/AndroidManifest.xml
9        android:targetSdkVersion="29" />
9-->src/main/AndroidManifest.xml
10
11    <uses-permission android:name="android.permission.WRITE_EXTERNAL_STORAGE" />
12    <uses-permission android:name="android.permission.READ_PHONE_STATE" />
13    <uses-permission android:name="android.permission.READ_EXTERNAL_STORAGE" />
14
15    <application
15-->src/main/AndroidManifest.xml:5:5-20:19
16        android:allowBackup="true"
16-->src/main/AndroidManifest.xml:6:9-35
17        android:appComponentFactory="androidx.core.app.CoreComponentFactory"
17-->[androidx.core:core:1.3.0-alpha01] AndroidManifest.xml:24:18-86
18        android:icon="@mipmap/ic_launcher"
18-->src/main/AndroidManifest.xml:7:9-43
19        android:label="@string/app_name"
19-->src/main/AndroidManifest.xml:8:9-41
20        android:roundIcon="@mipmap/ic_launcher_round"
20-->src/main/AndroidManifest.xml:9:9-54
21        android:supportsRtl="true"
21-->src/main/AndroidManifest.xml:10:9-35
22        android:testOnly="true"
23        android:theme="@style/AppTheme" >
23-->src/main/AndroidManifest.xml:11:9-40
24        <activity android:name="com.shalaga44.hiltsample.LoginActivity" />
24-->src/main/AndroidManifest.xml:12:9-60
24-->src/main/AndroidManifest.xml:12:19-48
25        <activity android:name="com.shalaga44.hiltsample.MainActivity" >
25-->src/main/AndroidManifest.xml:13:9-19:20
25-->src/main/AndroidManifest.xml:13:19-47
26            <intent-filter>
26-->src/main/AndroidManifest.xml:14:13-18:29
27                <action android:name="android.intent.action.MAIN" />
27-->src/main/AndroidManifest.xml:15:17-69
27-->src/main/AndroidManifest.xml:15:25-66
28
29                <category android:name="android.intent.category.LAUNCHER" />
29-->src/main/AndroidManifest.xml:17:17-77
29-->src/main/AndroidManifest.xml:17:27-74
30            </intent-filter>
31        </activity>
32
33        <provider
33-->[androidx.lifecycle:lifecycle-process:2.2.0] AndroidManifest.xml:25:9-29:43
34            android:name="androidx.lifecycle.ProcessLifecycleOwnerInitializer"
34-->[androidx.lifecycle:lifecycle-process:2.2.0] AndroidManifest.xml:26:13-79
35            android:authorities="com.shalaga44.hiltsample.lifecycle-process"
35-->[androidx.lifecycle:lifecycle-process:2.2.0] AndroidManifest.xml:27:13-69
36            android:exported="false"
36-->[androidx.lifecycle:lifecycle-process:2.2.0] AndroidManifest.xml:28:13-37
37            android:multiprocess="true" />
37-->[androidx.lifecycle:lifecycle-process:2.2.0] AndroidManifest.xml:29:13-40
38
39        <service
39-->[androidx.room:room-runtime:2.3.0-alpha01] AndroidManifest.xml:25:9-28:40
40            android:name="androidx.room.MultiInstanceInvalidationService"
40-->[androidx.room:room-runtime:2.3.0-alpha01] AndroidManifest.xml:26:13-74
41            android:directBootAware="true"
41-->[androidx.room:room-runtime:2.3.0-alpha01] AndroidManifest.xml:27:13-43
42            android:exported="false" /> <!-- The activity will be merged into the manifest of the hosting app. -->
42-->[androidx.room:room-runtime:2.3.0-alpha01] AndroidManifest.xml:28:13-37
43        <activity
43-->[com.google.android.play:core:1.6.4] AndroidManifest.xml:8:5-271
44            android:name="com.google.android.play.core.missingsplits.PlayCoreMissingSplitsActivity"
44-->[com.google.android.play:core:1.6.4] AndroidManifest.xml:8:15-102
45            android:enabled="false"
45-->[com.google.android.play:core:1.6.4] AndroidManifest.xml:8:103-126
46            android:exported="false"
46-->[com.google.android.play:core:1.6.4] AndroidManifest.xml:8:127-151
47            android:launchMode="singleInstance"
47-->[com.google.android.play:core:1.6.4] AndroidManifest.xml:8:204-239
48            android:process=":playcore_missing_splits_activity"
48-->[com.google.android.play:core:1.6.4] AndroidManifest.xml:8:152-203
49            android:stateNotNeeded="true" />
49-->[com.google.android.play:core:1.6.4] AndroidManifest.xml:8:240-269
50        <activity
50-->[com.google.android.play:core:1.6.4] AndroidManifest.xml:9:5-278
51            android:name="com.google.android.play.core.common.PlayCoreDialogWrapperActivity"
51-->[com.google.android.play:core:1.6.4] AndroidManifest.xml:9:15-95
52            android:enabled="false"
52-->[com.google.android.play:core:1.6.4] AndroidManifest.xml:9:96-119
53            android:exported="false"
53-->[com.google.android.play:core:1.6.4] AndroidManifest.xml:9:120-144
54            android:process=":playcore_dialog_wrapper_activity"
54-->[com.google.android.play:core:1.6.4] AndroidManifest.xml:9:175-226
55            android:stateNotNeeded="true"
55-->[com.google.android.play:core:1.6.4] AndroidManifest.xml:9:145-174
56            android:theme="@style/Theme.PlayCore.Transparent" />
56-->[com.google.android.play:core:1.6.4] AndroidManifest.xml:9:227-276
57    </application>
58
59</manifest>